{
  "RSpec": {
    "coverage": {
      "/app/app/channels/application_cable/connection.rb": {
        "lines": [
          null,
          null,
          1,
          1,
          null,
          null
        ]
      },
      "/app/app/channels/notification_channel.rb": {
        "lines": [
          null,
          null,
          1,
          1,
          3,
          3,
          null,
          null,
          1,
          null
        ]
      },
      "/app/app/channels/application_cable/channel.rb": {
        "lines": [
          null,
          null,
          1,
          1,
          null,
          null
        ]
      },
      "/app/app/controllers/inventories_controller.rb": {
        "lines": [
          null,
          null,
          1,
          1,
          null,
          null,
          1,
          7,
          null,
          null,
          null,
          null,
          7,
          null,
          null,
          null,
          null,
          null,
          null,
          1,
          2,
          null,
          null,
          null,
          1,
          6,
          null,
          5,
          2,
          null,
          3,
          null,
          null,
          1,
          null,
          null,
          null,
          1,
          6,
          3,
          null,
          2,
          null,
          null,
          1,
          null,
          null,
          null,
          1,
          2,
          2,
          null,
          null,
          1,
          null,
          1,
          11,
          null,
          1,
          null,
          null,
          1,
          12,
          null,
          null,
          1,
          null,
          7,
          null,
          null,
          null,
          null,
          null,
          null,
          null
        ]
      },
      "/app/app/controllers/application_controller.rb": {
        "lines": [
          null,
          null,
          1,
          null
        ]
      },
      "/app/app/controllers/shoe_models_controller.rb": {
        "lines": [
          null,
          null,
          1,
          1,
          null,
          null,
          1,
          2,
          null,
          2,
          null,
          null,
          null,
          1,
          2,
          null,
          null,
          null,
          1,
          5,
          null,
          5,
          3,
          null,
          2,
          null,
          null,
          null,
          null,
          1,
          5,
          3,
          null,
          2,
          null,
          null,
          null,
          null,
          1,
          2,
          null,
          null,
          1,
          null,
          null,
          1,
          10,
          null,
          null,
          null,
          1,
          10,
          null,
          null
        ]
      },
      "/app/app/controllers/stores_controller.rb": {
        "lines": [
          null,
          null,
          1,
          1,
          null,
          null,
          1,
          2,
          null,
          2,
          null,
          null,
          null,
          1,
          2,
          null,
          null,
          null,
          1,
          5,
          null,
          5,
          3,
          null,
          2,
          null,
          null,
          null,
          null,
          1,
          5,
          3,
          null,
          2,
          null,
          null,
          null,
          null,
          1,
          2,
          null,
          null,
          1,
          null,
          null,
          1,
          10,
          null,
          null,
          null,
          1,
          10,
          null,
          null
        ]
      },
      "/app/app/models/inventory.rb": {
        "lines": [
          null,
          null,
          1,
          1,
          1,
          null,
          1,
          1,
          1,
          null
        ]
      },
      "/app/app/models/application_record.rb": {
        "lines": [
          null,
          null,
          1,
          1,
          null
        ]
      },
      "/app/app/models/shoe_model.rb": {
        "lines": [
          null,
          null,
          1,
          1,
          1,
          1,
          null,
          1,
          null,
          1,
          10,
          10,
          10,
          null,
          null
        ]
      },
      "/app/app/models/store.rb": {
        "lines": [
          null,
          null,
          1,
          1,
          1,
          1,
          null
        ]
      },
      "/app/app/services/inventory_update_service.rb": {
        "lines": [
          null,
          null,
          1,
          1,
          9,
          null,
          null,
          1,
          3,
          null,
          3,
          3,
          3,
          3,
          null,
          3,
          null,
          3,
          3,
          null,
          3,
          null,
          null,
          null,
          null,
          null,
          null,
          3,
          null,
          3,
          null,
          null,
          1,
          null,
          1,
          6,
          6,
          null,
          3,
          3,
          null,
          null,
          1,
          7,
          8,
          null,
          null,
          null,
          4,
          null,
          1,
          null,
          1,
          null,
          2,
          null,
          null,
          null,
          1,
          3,
          3,
          null,
          null,
          null,
          null,
          null,
          null,
          null
        ]
      },
      "/app/app/services/websocket_client_service.rb": {
        "lines": [
          null,
          null,
          1,
          1,
          1,
          null,
          1,
          1,
          13,
          13,
          13,
          13,
          null,
          null,
          1,
          8,
          6,
          null,
          6,
          1,
          null,
          null,
          6,
          1,
          null,
          null,
          6,
          1,
          null,
          null,
          6,
          1,
          null,
          null,
          6,
          0,
          0,
          null,
          null,
          null,
          null,
          2,
          2,
          null,
          null,
          1,
          null,
          1,
          3,
          2,
          null,
          2,
          2,
          null,
          1,
          null,
          null,
          1,
          2,
          2,
          null,
          null
        ]
      },
      "/app/app/jobs/application_job.rb": {
        "lines": [
          null,
          null,
          null,
          null,
          null,
          null,
          null,
          null,
          null,
          null
        ],
        "branches": {
        }
      },
      "/app/app/mailers/application_mailer.rb": {
        "lines": [
          null,
          null,
          null,
          null,
          null,
          null,
          null
        ],
        "branches": {
        }
      }
    },
    "timestamp": 1716933085
  }
}
